<?xml version="1.0" encoding="UTF-8"?>
<!-- Generated by org.testng.reporters.JUnitReportReporter -->
<testsuite hostname="MININT-HAVGISG" name="com.selenium.framework.suiteB.TestB2" tests="2" failures="0" timestamp="6 Jan 2016 03:18:03 GMT" time="0.362" errors="0">
  <testcase name="testB2" time="0.176" classname="com.selenium.framework.suiteB.TestB2"/>
  <testcase name="testB2" time="0.186" classname="com.selenium.framework.suiteB.TestB2"/>
</testsuite> <!-- com.selenium.framework.suiteB.TestB2 -->
