<?xml version="1.0" encoding="UTF-8"?>
<!-- Generated by org.testng.reporters.JUnitReportReporter -->
<testsuite hostname="MININT-HAVGISG" name="com.selenium.framework.suiteB.TestB3" tests="2" failures="0" timestamp="6 Jan 2016 03:18:03 GMT" time="0.355" errors="0">
  <testcase name="testB3" time="0.161" classname="com.selenium.framework.suiteB.TestB3"/>
  <testcase name="testB3" time="0.194" classname="com.selenium.framework.suiteB.TestB3"/>
</testsuite> <!-- com.selenium.framework.suiteB.TestB3 -->
