<?xml version="1.0" encoding="UTF-8"?>
<!-- Generated by org.testng.reporters.JUnitReportReporter -->
<testsuite hostname="MININT-HAVGISG" name="com.selenium.framework.suiteA.TestA1" tests="4" failures="0" timestamp="6 Jan 2016 03:18:03 GMT" time="2.065" errors="0">
  <testcase name="testA1" time="0.463" classname="com.selenium.framework.suiteA.TestA1"/>
  <testcase name="testA1" time="0.486" classname="com.selenium.framework.suiteA.TestA1"/>
  <testcase name="testA1" time="0.564" classname="com.selenium.framework.suiteA.TestA1"/>
  <testcase name="testA1" time="0.552" classname="com.selenium.framework.suiteA.TestA1"/>
</testsuite> <!-- com.selenium.framework.suiteA.TestA1 -->
