<?xml version="1.0" encoding="UTF-8"?>
<!-- Generated by org.testng.reporters.JUnitReportReporter -->
<testsuite hostname="MININT-HAVGISG" name="com.selenium.framework.suiteA.TestA2" tests="3" failures="0" timestamp="6 Jan 2016 03:18:03 GMT" time="0.762" errors="0">
  <testcase name="testA2" time="0.271" classname="com.selenium.framework.suiteA.TestA2"/>
  <testcase name="testA2" time="0.246" classname="com.selenium.framework.suiteA.TestA2"/>
  <testcase name="testA2" time="0.245" classname="com.selenium.framework.suiteA.TestA2"/>
</testsuite> <!-- com.selenium.framework.suiteA.TestA2 -->
