<?xml version="1.0" encoding="UTF-8"?>
<!-- Generated by org.testng.reporters.JUnitReportReporter -->
<testsuite hostname="MININT-HAVGISG" name="com.selenium.framework.suiteA.TestA3" tests="1" failures="0" timestamp="6 Jan 2016 03:18:03 GMT" time="0.092" errors="0">
  <testcase name="testA3" time="0.092" classname="com.selenium.framework.suiteA.TestA3"/>
</testsuite> <!-- com.selenium.framework.suiteA.TestA3 -->
